d:\c++\v1sft\v1_university animals\debug\vc143.pdb
d:\c++\v1sft\v1_university animals\debug\vc143.idb
d:\c++\v1sft\v1_university animals\debug\main.obj
d:\c++\v1sft\v1_university animals\debug\cweapon.obj
d:\c++\v1sft\v1_university animals\debug\cresource.obj
d:\c++\v1sft\v1_university animals\debug\cmonster.obj
d:\c++\v1sft\v1_university animals\debug\cmanager.obj
d:\c++\v1sft\v1_university animals\debug\chero.obj
d:\c++\v1sft\v1_university animals\debug\cfunction.obj
d:\c++\v1sft\v1_university animals\debug\cbutton.obj
d:\c++\v1sft\v1_university animals\debug\cbullet.obj
d:\c++\v1sft\v1_university animals\debug\university animals.exe
d:\c++\v1sft\v1_university animals\debug\university animals.ilk
d:\c++\v1sft\v1_university animals\debug\university animals.pdb
d:\c++\v1sft\v1_university animals\debug\textbox.obj
d:\c++\v1sft\v1_university animals\debug\cmanager.obj.enc
d:\c++\v1sft\v1_university animals\debug\cbullet.nativecodeanalysis.xml
d:\c++\v1sft\v1_university animals\debug\cbutton.nativecodeanalysis.xml
d:\c++\v1sft\v1_university animals\debug\cfunction.nativecodeanalysis.xml
d:\c++\v1sft\v1_university animals\debug\chero.nativecodeanalysis.xml
d:\c++\v1sft\v1_university animals\debug\cmonster.nativecodeanalysis.xml
d:\c++\v1sft\v1_university animals\debug\cresource.nativecodeanalysis.xml
d:\c++\v1sft\v1_university animals\debug\cweapon.nativecodeanalysis.xml
d:\c++\v1sft\v1_university animals\debug\main.nativecodeanalysis.xml
d:\c++\v1sft\v1_university animals\debug\textbox.nativecodeanalysis.xml
d:\c++\v1sft\v1_university animals\debug\universi.49b450a1.tlog\cl.command.1.tlog
d:\c++\v1sft\v1_university animals\debug\universi.49b450a1.tlog\cl.items.tlog
d:\c++\v1sft\v1_university animals\debug\universi.49b450a1.tlog\cl.read.1.tlog
d:\c++\v1sft\v1_university animals\debug\universi.49b450a1.tlog\cl.write.1.tlog
d:\c++\v1sft\v1_university animals\debug\universi.49b450a1.tlog\link.command.1.tlog
d:\c++\v1sft\v1_university animals\debug\universi.49b450a1.tlog\link.read.1.tlog
d:\c++\v1sft\v1_university animals\debug\universi.49b450a1.tlog\link.write.1.tlog
