d:\c++\v1sft\v1_university animals\debug\vc143.pdb
d:\c++\v1sft\v1_university animals\debug\vc143.idb
d:\c++\v1sft\v1_university animals\debug\main.obj
d:\c++\v1sft\v1_university animals\debug\cweapon.obj
d:\c++\v1sft\v1_university animals\debug\cresource.obj
d:\c++\v1sft\v1_university animals\debug\cmonster.obj
d:\c++\v1sft\v1_university animals\debug\cmanager.obj
d:\c++\v1sft\v1_university animals\debug\chero.obj
d:\c++\v1sft\v1_university animals\debug\cfunction.obj
d:\c++\v1sft\v1_university animals\debug\cbutton.obj
d:\c++\v1sft\v1_university animals\debug\cbullet.obj
d:\c++\v1sft\v1_university animals\debug\图灵院幸存者.ilk
d:\c++\v1sft\v1_university animals\debug\图灵院幸存者.exe
d:\c++\v1sft\v1_university animals\debug\图灵院幸存者.pdb
d:\c++\v1sft\v1_university animals\debug\图灵院幸存者.tlog\cl.command.1.tlog
d:\c++\v1sft\v1_university animals\debug\图灵院幸存者.tlog\cl.items.tlog
d:\c++\v1sft\v1_university animals\debug\图灵院幸存者.tlog\cl.read.1.tlog
d:\c++\v1sft\v1_university animals\debug\图灵院幸存者.tlog\cl.write.1.tlog
d:\c++\v1sft\v1_university animals\debug\图灵院幸存者.tlog\link.command.1.tlog
d:\c++\v1sft\v1_university animals\debug\图灵院幸存者.tlog\link.read.1.tlog
d:\c++\v1sft\v1_university animals\debug\图灵院幸存者.tlog\link.write.1.tlog
